<?xml version="1.0" encoding="UTF-8"?>
<!-- Generated by org.testng.reporters.JUnitReportReporter -->
<testsuite hostname="AMIT_PC" failures="0" tests="3" name="parallel.ParallelRun" time="126.736" errors="2" timestamp="2025-04-06T10:41:41 IST" skipped="0">
  <testcase classname="parallel.ParallelRun" name="runScenario" time="35.698"/>
  <testcase classname="parallel.ParallelRun" name="runScenario" time="41.145">
    <error message="Element &lt;button class=&quot;action search&quot; type=&quot;submit&quot;&gt; is not clickable at point (1527,129) because another element &lt;input id=&quot;search&quot; class=&quot;input-text&quot; name=&quot;q&quot; type=&quot;text&quot;&gt; obscures it
Build info: version: &#039;4.23.0&#039;, revision: &#039;4df0a231af&#039;
System info: os.name: &#039;Windows 11&#039;, os.arch: &#039;amd64&#039;, os.version: &#039;10.0&#039;, java.version: &#039;23.0.1&#039;
Driver info: org.openqa.selenium.remote.RemoteWebDriver
Command: [b7801bb1-7da8-43fc-83c4-133ab5f25d6d, clickElement {id=c290b8c7-92f7-4160-af65-a7c1f6ee36fa}]
Capabilities {acceptInsecureCerts: false, browserName: firefox, browserVersion: 135.0.1, container:hostname: 3ec797e19341, moz:accessibilityChecks: false, moz:buildID: 20250216192613, moz:geckodriverVersion: 0.35.0, moz:headless: false, moz:platformVersion: 5.15.167.4-microsoft-standa..., moz:processID: 240, moz:profile: /tmp/rust_mozprofileW4Teof, moz:shutdownTimeout: 60000, moz:webdriverClick: true, moz:windowless: false, pageLoadStrategy: normal, platformName: linux, proxy: Proxy(), se:bidiEnabled: false, se:cdp: ws://172.23.0.2:4444/sessio..., se:containerName: 3ec797e19341, se:noVncPort: 7900, se:vnc: ws://172.23.0.2:4444/sessio..., se:vncEnabled: true, se:vncLocalAddress: ws://172.23.0.2:7900, setWindowRect: true, strictFileInteractability: false, timeouts: {implicit: 0, pageLoad: 300000, script: 30000}, unhandledPromptBehavior: dismiss and notify, userAgent: Mozilla/5.0 (X11; Linux x86...}
Element: [[RemoteWebDriver: firefox on linux (b7801bb1-7da8-43fc-83c4-133ab5f25d6d)] -&gt; xpath: //*[@id=&#039;search_mini_form&#039;]/div[2]/button]
Session ID: b7801bb1-7da8-43fc-83c4-133ab5f25d6d" type="org.openqa.selenium.ElementClickInterceptedException">
      <![CDATA[org.openqa.selenium.ElementClickInterceptedException: Element <button class="action search" type="submit"> is not clickable at point (1527,129) because another element <input id="search" class="input-text" name="q" type="text"> obscures it
Build info: version: '4.23.0', revision: '4df0a231af'
System info: os.name: 'Windows 11', os.arch: 'amd64', os.version: '10.0', java.version: '23.0.1'
Driver info: org.openqa.selenium.remote.RemoteWebDriver
Command: [b7801bb1-7da8-43fc-83c4-133ab5f25d6d, clickElement {id=c290b8c7-92f7-4160-af65-a7c1f6ee36fa}]
Capabilities {acceptInsecureCerts: false, browserName: firefox, browserVersion: 135.0.1, container:hostname: 3ec797e19341, moz:accessibilityChecks: false, moz:buildID: 20250216192613, moz:geckodriverVersion: 0.35.0, moz:headless: false, moz:platformVersion: 5.15.167.4-microsoft-standa..., moz:processID: 240, moz:profile: /tmp/rust_mozprofileW4Teof, moz:shutdownTimeout: 60000, moz:webdriverClick: true, moz:windowless: false, pageLoadStrategy: normal, platformName: linux, proxy: Proxy(), se:bidiEnabled: false, se:cdp: ws://172.23.0.2:4444/sessio..., se:containerName: 3ec797e19341, se:noVncPort: 7900, se:vnc: ws://172.23.0.2:4444/sessio..., se:vncEnabled: true, se:vncLocalAddress: ws://172.23.0.2:7900, setWindowRect: true, strictFileInteractability: false, timeouts: {implicit: 0, pageLoad: 300000, script: 30000}, unhandledPromptBehavior: dismiss and notify, userAgent: Mozilla/5.0 (X11; Linux x86...}
Element: [[RemoteWebDriver: firefox on linux (b7801bb1-7da8-43fc-83c4-133ab5f25d6d)] -> xpath: //*[@id='search_mini_form']/div[2]/button]
Session ID: b7801bb1-7da8-43fc-83c4-133ab5f25d6d
at java.base/jdk.internal.reflect.DirectConstructorHandleAccessor.newInstance(DirectConstructorHandleAccessor.java:62)
at java.base/java.lang.reflect.Constructor.newInstanceWithCaller(Constructor.java:501)
at java.base/java.lang.reflect.Constructor.newInstance(Constructor.java:485)
at org.openqa.selenium.remote.ErrorCodec.decode(ErrorCodec.java:167)
at org.openqa.selenium.remote.codec.w3c.W3CHttpResponseCodec.decode(W3CHttpResponseCodec.java:138)
at org.openqa.selenium.remote.codec.w3c.W3CHttpResponseCodec.decode(W3CHttpResponseCodec.java:50)
at org.openqa.selenium.remote.HttpCommandExecutor.execute(HttpCommandExecutor.java:190)
at org.openqa.selenium.remote.TracedCommandExecutor.execute(TracedCommandExecutor.java:53)
at org.openqa.selenium.remote.RemoteWebDriver.execute(RemoteWebDriver.java:527)
at org.openqa.selenium.remote.RemoteWebElement.execute(RemoteWebElement.java:223)
at org.openqa.selenium.remote.RemoteWebElement.click(RemoteWebElement.java:76)
at java.base/jdk.internal.reflect.DirectMethodHandleAccessor.invoke(DirectMethodHandleAccessor.java:103)
at java.base/java.lang.reflect.Method.invoke(Method.java:580)
at org.openqa.selenium.support.pagefactory.internal.LocatingElementHandler.invoke(LocatingElementHandler.java:51)
at jdk.proxy2/jdk.proxy2.$Proxy23.click(Unknown Source)
at pages.WhatsNewPage.ClickSearchIconButton(WhatsNewPage.java:45)
at parallel.ProductSearch_PreLogin_StepDef.user_clicks_on_search_icon_on_what_s_new_page(ProductSearch_PreLogin_StepDef.java:34)
at ✽.User clicks on Search icon on What's new page(file:///C:/Users/razda/eclipse-workspace/Cucumber/PROJECT4/src/test/resources/parallel/ProductSearch_PreLogin.feature:14)
]]>
    </error>
  </testcase> <!-- runScenario -->
  <testcase classname="parallel.ParallelRun" name="runScenario" time="49.893">
    <error message="The element with the reference f9412e44-08f3-4a34-9dc5-e4287ee99863 is stale; either its node document is not the active document, or it is no longer connected to the DOM
For documentation on this error, please visit: https://www.selenium.dev/documentation/webdriver/troubleshooting/errors#stale-element-reference-exception
Build info: version: &#039;4.23.0&#039;, revision: &#039;4df0a231af&#039;
System info: os.name: &#039;Windows 11&#039;, os.arch: &#039;amd64&#039;, os.version: &#039;10.0&#039;, java.version: &#039;23.0.1&#039;
Driver info: org.openqa.selenium.remote.RemoteWebDriver
Command: [698cd956-93dc-407e-b60a-29b7e6b2d63b, getElementText {id=f9412e44-08f3-4a34-9dc5-e4287ee99863}]
Capabilities {acceptInsecureCerts: false, browserName: firefox, browserVersion: 135.0.1, container:hostname: 3ec797e19341, moz:accessibilityChecks: false, moz:buildID: 20250216192613, moz:geckodriverVersion: 0.35.0, moz:headless: false, moz:platformVersion: 5.15.167.4-microsoft-standa..., moz:processID: 238, moz:profile: /tmp/rust_mozprofiletgU4Un, moz:shutdownTimeout: 60000, moz:webdriverClick: true, moz:windowless: false, pageLoadStrategy: normal, platformName: linux, proxy: Proxy(), se:bidiEnabled: false, se:cdp: ws://172.23.0.2:4444/sessio..., se:containerName: 3ec797e19341, se:noVncPort: 7900, se:vnc: ws://172.23.0.2:4444/sessio..., se:vncEnabled: true, se:vncLocalAddress: ws://172.23.0.2:7900, setWindowRect: true, strictFileInteractability: false, timeouts: {implicit: 0, pageLoad: 300000, script: 30000}, unhandledPromptBehavior: dismiss and notify, userAgent: Mozilla/5.0 (X11; Linux x86...}
Element: [[RemoteWebDriver: firefox on linux (698cd956-93dc-407e-b60a-29b7e6b2d63b)] -&gt; tag name: a]
Session ID: 698cd956-93dc-407e-b60a-29b7e6b2d63b" type="org.openqa.selenium.StaleElementReferenceException">
      <![CDATA[org.openqa.selenium.StaleElementReferenceException: The element with the reference f9412e44-08f3-4a34-9dc5-e4287ee99863 is stale; either its node document is not the active document, or it is no longer connected to the DOM
For documentation on this error, please visit: https://www.selenium.dev/documentation/webdriver/troubleshooting/errors#stale-element-reference-exception
Build info: version: '4.23.0', revision: '4df0a231af'
System info: os.name: 'Windows 11', os.arch: 'amd64', os.version: '10.0', java.version: '23.0.1'
Driver info: org.openqa.selenium.remote.RemoteWebDriver
Command: [698cd956-93dc-407e-b60a-29b7e6b2d63b, getElementText {id=f9412e44-08f3-4a34-9dc5-e4287ee99863}]
Capabilities {acceptInsecureCerts: false, browserName: firefox, browserVersion: 135.0.1, container:hostname: 3ec797e19341, moz:accessibilityChecks: false, moz:buildID: 20250216192613, moz:geckodriverVersion: 0.35.0, moz:headless: false, moz:platformVersion: 5.15.167.4-microsoft-standa..., moz:processID: 238, moz:profile: /tmp/rust_mozprofiletgU4Un, moz:shutdownTimeout: 60000, moz:webdriverClick: true, moz:windowless: false, pageLoadStrategy: normal, platformName: linux, proxy: Proxy(), se:bidiEnabled: false, se:cdp: ws://172.23.0.2:4444/sessio..., se:containerName: 3ec797e19341, se:noVncPort: 7900, se:vnc: ws://172.23.0.2:4444/sessio..., se:vncEnabled: true, se:vncLocalAddress: ws://172.23.0.2:7900, setWindowRect: true, strictFileInteractability: false, timeouts: {implicit: 0, pageLoad: 300000, script: 30000}, unhandledPromptBehavior: dismiss and notify, userAgent: Mozilla/5.0 (X11; Linux x86...}
Element: [[RemoteWebDriver: firefox on linux (698cd956-93dc-407e-b60a-29b7e6b2d63b)] -> tag name: a]
Session ID: 698cd956-93dc-407e-b60a-29b7e6b2d63b
at java.base/jdk.internal.reflect.DirectConstructorHandleAccessor.newInstance(DirectConstructorHandleAccessor.java:62)
at java.base/java.lang.reflect.Constructor.newInstanceWithCaller(Constructor.java:501)
at java.base/java.lang.reflect.Constructor.newInstance(Constructor.java:485)
at org.openqa.selenium.remote.ErrorCodec.decode(ErrorCodec.java:167)
at org.openqa.selenium.remote.codec.w3c.W3CHttpResponseCodec.decode(W3CHttpResponseCodec.java:138)
at org.openqa.selenium.remote.codec.w3c.W3CHttpResponseCodec.decode(W3CHttpResponseCodec.java:50)
at org.openqa.selenium.remote.HttpCommandExecutor.execute(HttpCommandExecutor.java:190)
at org.openqa.selenium.remote.TracedCommandExecutor.execute(TracedCommandExecutor.java:53)
at org.openqa.selenium.remote.RemoteWebDriver.execute(RemoteWebDriver.java:527)
at org.openqa.selenium.remote.RemoteWebElement.execute(RemoteWebElement.java:223)
at org.openqa.selenium.remote.RemoteWebElement.getText(RemoteWebElement.java:191)
at pages.WhatsNewPage.getNumberOfRecords(WhatsNewPage.java:53)
at parallel.ProductSearch_PreLogin_StepDef.user_gets_the_result_outcome_for_on_what_s_new_page(ProductSearch_PreLogin_StepDef.java:42)
at ✽.User gets the result outcome for "Bag" on What's new page(file:///C:/Users/razda/eclipse-workspace/Cucumber/PROJECT4/src/test/resources/parallel/ProductSearch_PreLogin.feature:15)
]]>
    </error>
  </testcase> <!-- runScenario -->
</testsuite> <!-- parallel.ParallelRun -->
